-------------------------------------------------------------------------------
Test set: com.serinity.forumcontrol.Services.ServiceThreadTest
-------------------------------------------------------------------------------
Tests run: 33, Failures: 5, Errors: 18, Skipped: 0, Time elapsed: 0.099 s <<< FAILURE! -- in com.serinity.forumcontrol.Services.ServiceThreadTest
com.serinity.forumcontrol.Services.ServiceThreadTest.testAddDiscussionThread -- Time elapsed: 0.022 s <<< FAILURE!
org.opentest4j.AssertionFailedError: Thread should be created ==> expected: not <null>
	at org.junit.jupiter.api.AssertionFailureBuilder.build(AssertionFailureBuilder.java:152)
	at org.junit.jupiter.api.AssertionFailureBuilder.buildAndThrow(AssertionFailureBuilder.java:132)
	at org.junit.jupiter.api.AssertNotNull.failNull(AssertNotNull.java:49)
	at org.junit.jupiter.api.AssertNotNull.assertNotNull(AssertNotNull.java:35)
	at org.junit.jupiter.api.Assertions.assertNotNull(Assertions.java:312)
	at com.serinity.forumcontrol.Services.ServiceThreadTest.testAddDiscussionThread(ServiceThreadTest.java:105)
	at java.base/java.lang.reflect.Method.invoke(Method.java:565)
	at java.base/java.util.ArrayList.forEach(ArrayList.java:1604)
	at java.base/java.util.ArrayList.forEach(ArrayList.java:1604)

com.serinity.forumcontrol.Services.ServiceThreadTest.testAddQuestionThread -- Time elapsed: 0.003 s <<< FAILURE!
org.opentest4j.AssertionFailedError: expected: not <null>
	at org.junit.jupiter.api.AssertionFailureBuilder.build(AssertionFailureBuilder.java:152)
	at org.junit.jupiter.api.AssertionFailureBuilder.buildAndThrow(AssertionFailureBuilder.java:132)
	at org.junit.jupiter.api.AssertNotNull.failNull(AssertNotNull.java:49)
	at org.junit.jupiter.api.AssertNotNull.assertNotNull(AssertNotNull.java:35)
	at org.junit.jupiter.api.AssertNotNull.assertNotNull(AssertNotNull.java:30)
	at org.junit.jupiter.api.Assertions.assertNotNull(Assertions.java:304)
	at com.serinity.forumcontrol.Services.ServiceThreadTest.testAddQuestionThread(ServiceThreadTest.java:143)
	at java.base/java.lang.reflect.Method.invoke(Method.java:565)
	at java.base/java.util.ArrayList.forEach(ArrayList.java:1604)
	at java.base/java.util.ArrayList.forEach(ArrayList.java:1604)

com.serinity.forumcontrol.Services.ServiceThreadTest.testAddAnnouncementThread -- Time elapsed: 0.004 s <<< FAILURE!
org.opentest4j.AssertionFailedError: expected: not <null>
	at org.junit.jupiter.api.AssertionFailureBuilder.build(AssertionFailureBuilder.java:152)
	at org.junit.jupiter.api.AssertionFailureBuilder.buildAndThrow(AssertionFailureBuilder.java:132)
	at org.junit.jupiter.api.AssertNotNull.failNull(AssertNotNull.java:49)
	at org.junit.jupiter.api.AssertNotNull.assertNotNull(AssertNotNull.java:35)
	at org.junit.jupiter.api.AssertNotNull.assertNotNull(AssertNotNull.java:30)
	at org.junit.jupiter.api.Assertions.assertNotNull(Assertions.java:304)
	at com.serinity.forumcontrol.Services.ServiceThreadTest.testAddAnnouncementThread(ServiceThreadTest.java:173)
	at java.base/java.lang.reflect.Method.invoke(Method.java:565)
	at java.base/java.util.ArrayList.forEach(ArrayList.java:1604)
	at java.base/java.util.ArrayList.forEach(ArrayList.java:1604)

com.serinity.forumcontrol.Services.ServiceThreadTest.testAutoSetUserId -- Time elapsed: 0.004 s <<< FAILURE!
org.opentest4j.AssertionFailedError: expected: not <null>
	at org.junit.jupiter.api.AssertionFailureBuilder.build(AssertionFailureBuilder.java:152)
	at org.junit.jupiter.api.AssertionFailureBuilder.buildAndThrow(AssertionFailureBuilder.java:132)
	at org.junit.jupiter.api.AssertNotNull.failNull(AssertNotNull.java:49)
	at org.junit.jupiter.api.AssertNotNull.assertNotNull(AssertNotNull.java:35)
	at org.junit.jupiter.api.AssertNotNull.assertNotNull(AssertNotNull.java:30)
	at org.junit.jupiter.api.Assertions.assertNotNull(Assertions.java:304)
	at com.serinity.forumcontrol.Services.ServiceThreadTest.testAutoSetUserId(ServiceThreadTest.java:205)
	at java.base/java.lang.reflect.Method.invoke(Method.java:565)
	at java.base/java.util.ArrayList.forEach(ArrayList.java:1604)
	at java.base/java.util.ArrayList.forEach(ArrayList.java:1604)

com.serinity.forumcontrol.Services.ServiceThreadTest.testGetById -- Time elapsed: 0.002 s <<< ERROR!
java.lang.NullPointerException: Cannot invoke "java.lang.Long.longValue()" because "this.threadId1" is null
	at com.serinity.forumcontrol.Services.ServiceThreadTest.testGetById(ServiceThreadTest.java:220)
	at java.base/java.lang.reflect.Method.invoke(Method.java:565)
	at java.base/java.util.ArrayList.forEach(ArrayList.java:1604)
	at java.base/java.util.ArrayList.forEach(ArrayList.java:1604)

com.serinity.forumcontrol.Services.ServiceThreadTest.testUpdateThreadContent -- Time elapsed: 0 s <<< ERROR!
java.lang.NullPointerException: Cannot invoke "java.lang.Long.longValue()" because "this.threadId1" is null
	at com.serinity.forumcontrol.Services.ServiceThreadTest.testUpdateThreadContent(ServiceThreadTest.java:280)
	at java.base/java.lang.reflect.Method.invoke(Method.java:565)
	at java.base/java.util.ArrayList.forEach(ArrayList.java:1604)
	at java.base/java.util.ArrayList.forEach(ArrayList.java:1604)

com.serinity.forumcontrol.Services.ServiceThreadTest.testUpdateThreadType -- Time elapsed: 0.001 s <<< ERROR!
java.lang.NullPointerException: Cannot invoke "java.lang.Long.longValue()" because "this.threadId1" is null
	at com.serinity.forumcontrol.Services.ServiceThreadTest.testUpdateThreadType(ServiceThreadTest.java:304)
	at java.base/java.lang.reflect.Method.invoke(Method.java:565)
	at java.base/java.util.ArrayList.forEach(ArrayList.java:1604)
	at java.base/java.util.ArrayList.forEach(ArrayList.java:1604)

com.serinity.forumcontrol.Services.ServiceThreadTest.testUpdateThreadCategory -- Time elapsed: 0.002 s <<< ERROR!
java.lang.NullPointerException: Cannot invoke "java.lang.Long.longValue()" because "this.threadId1" is null
	at com.serinity.forumcontrol.Services.ServiceThreadTest.testUpdateThreadCategory(ServiceThreadTest.java:333)
	at java.base/java.lang.reflect.Method.invoke(Method.java:565)
	at java.base/java.util.ArrayList.forEach(ArrayList.java:1604)
	at java.base/java.util.ArrayList.forEach(ArrayList.java:1604)

com.serinity.forumcontrol.Services.ServiceThreadTest.testUpdateStatusToLocked -- Time elapsed: 0.001 s <<< ERROR!
java.lang.NullPointerException: Cannot invoke "java.lang.Long.longValue()" because "this.threadId1" is null
	at com.serinity.forumcontrol.Services.ServiceThreadTest.testUpdateStatusToLocked(ServiceThreadTest.java:359)
	at java.base/java.lang.reflect.Method.invoke(Method.java:565)
	at java.base/java.util.ArrayList.forEach(ArrayList.java:1604)
	at java.base/java.util.ArrayList.forEach(ArrayList.java:1604)

com.serinity.forumcontrol.Services.ServiceThreadTest.testUpdateStatusToOpen -- Time elapsed: 0 s <<< ERROR!
java.lang.NullPointerException: Cannot invoke "java.lang.Long.longValue()" because "this.threadId1" is null
	at com.serinity.forumcontrol.Services.ServiceThreadTest.testUpdateStatusToOpen(ServiceThreadTest.java:373)
	at java.base/java.lang.reflect.Method.invoke(Method.java:565)
	at java.base/java.util.ArrayList.forEach(ArrayList.java:1604)
	at java.base/java.util.ArrayList.forEach(ArrayList.java:1604)

com.serinity.forumcontrol.Services.ServiceThreadTest.testUpdateStatusToArchived -- Time elapsed: 0.001 s <<< ERROR!
java.lang.NullPointerException: Cannot invoke "java.lang.Long.longValue()" because "this.threadId2" is null
	at com.serinity.forumcontrol.Services.ServiceThreadTest.testUpdateStatusToArchived(ServiceThreadTest.java:387)
	at java.base/java.lang.reflect.Method.invoke(Method.java:565)
	at java.base/java.util.ArrayList.forEach(ArrayList.java:1604)
	at java.base/java.util.ArrayList.forEach(ArrayList.java:1604)

com.serinity.forumcontrol.Services.ServiceThreadTest.testTogglePinToTrue -- Time elapsed: 0.001 s <<< ERROR!
java.lang.NullPointerException: Cannot invoke "java.lang.Long.longValue()" because "this.threadId1" is null
	at com.serinity.forumcontrol.Services.ServiceThreadTest.testTogglePinToTrue(ServiceThreadTest.java:418)
	at java.base/java.lang.reflect.Method.invoke(Method.java:565)
	at java.base/java.util.ArrayList.forEach(ArrayList.java:1604)
	at java.base/java.util.ArrayList.forEach(ArrayList.java:1604)

com.serinity.forumcontrol.Services.ServiceThreadTest.testTogglePinToFalse -- Time elapsed: 0 s <<< ERROR!
java.lang.NullPointerException: Cannot invoke "java.lang.Long.longValue()" because "this.threadId1" is null
	at com.serinity.forumcontrol.Services.ServiceThreadTest.testTogglePinToFalse(ServiceThreadTest.java:440)
	at java.base/java.lang.reflect.Method.invoke(Method.java:565)
	at java.base/java.util.ArrayList.forEach(ArrayList.java:1604)
	at java.base/java.util.ArrayList.forEach(ArrayList.java:1604)

com.serinity.forumcontrol.Services.ServiceThreadTest.testIsOwner -- Time elapsed: 0 s <<< ERROR!
java.lang.NullPointerException: Cannot invoke "java.lang.Long.longValue()" because "this.threadId1" is null
	at com.serinity.forumcontrol.Services.ServiceThreadTest.testIsOwner(ServiceThreadTest.java:460)
	at java.base/java.lang.reflect.Method.invoke(Method.java:565)
	at java.base/java.util.ArrayList.forEach(ArrayList.java:1604)
	at java.base/java.util.ArrayList.forEach(ArrayList.java:1604)

com.serinity.forumcontrol.Services.ServiceThreadTest.testIsNotOwner -- Time elapsed: 0 s <<< ERROR!
java.lang.NullPointerException: Cannot invoke "java.lang.Long.longValue()" because "this.threadId1" is null
	at com.serinity.forumcontrol.Services.ServiceThreadTest.testIsNotOwner(ServiceThreadTest.java:473)
	at java.base/java.lang.reflect.Method.invoke(Method.java:565)
	at java.base/java.util.ArrayList.forEach(ArrayList.java:1604)
	at java.base/java.util.ArrayList.forEach(ArrayList.java:1604)

com.serinity.forumcontrol.Services.ServiceThreadTest.testIncrementCommentCount -- Time elapsed: 0.001 s <<< ERROR!
java.lang.NullPointerException: Cannot invoke "java.lang.Long.longValue()" because "this.threadId1" is null
	at com.serinity.forumcontrol.Services.ServiceThreadTest.testIncrementCommentCount(ServiceThreadTest.java:556)
	at java.base/java.lang.reflect.Method.invoke(Method.java:565)
	at java.base/java.util.ArrayList.forEach(ArrayList.java:1604)
	at java.base/java.util.ArrayList.forEach(ArrayList.java:1604)

com.serinity.forumcontrol.Services.ServiceThreadTest.testDecrementCommentCount -- Time elapsed: 0.001 s <<< ERROR!
java.lang.NullPointerException: Cannot invoke "java.lang.Long.longValue()" because "this.threadId1" is null
	at com.serinity.forumcontrol.Services.ServiceThreadTest.testDecrementCommentCount(ServiceThreadTest.java:574)
	at java.base/java.lang.reflect.Method.invoke(Method.java:565)
	at java.base/java.util.ArrayList.forEach(ArrayList.java:1604)
	at java.base/java.util.ArrayList.forEach(ArrayList.java:1604)

com.serinity.forumcontrol.Services.ServiceThreadTest.testUpdateVoteCountsToUpvote -- Time elapsed: 0 s <<< ERROR!
java.lang.NullPointerException: Cannot invoke "java.lang.Long.longValue()" because "this.threadId1" is null
	at com.serinity.forumcontrol.Services.ServiceThreadTest.testUpdateVoteCountsToUpvote(ServiceThreadTest.java:595)
	at java.base/java.lang.reflect.Method.invoke(Method.java:565)
	at java.base/java.util.ArrayList.forEach(ArrayList.java:1604)
	at java.base/java.util.ArrayList.forEach(ArrayList.java:1604)

com.serinity.forumcontrol.Services.ServiceThreadTest.testUpdateVoteCountsUpvoteToDownvote -- Time elapsed: 0.001 s <<< ERROR!
java.lang.NullPointerException: Cannot invoke "java.lang.Long.longValue()" because "this.threadId1" is null
	at com.serinity.forumcontrol.Services.ServiceThreadTest.testUpdateVoteCountsUpvoteToDownvote(ServiceThreadTest.java:613)
	at java.base/java.lang.reflect.Method.invoke(Method.java:565)
	at java.base/java.util.ArrayList.forEach(ArrayList.java:1604)
	at java.base/java.util.ArrayList.forEach(ArrayList.java:1604)

com.serinity.forumcontrol.Services.ServiceThreadTest.testUpdateVoteCountsDownvoteToNone -- Time elapsed: 0.001 s <<< ERROR!
java.lang.NullPointerException: Cannot invoke "java.lang.Long.longValue()" because "this.threadId1" is null
	at com.serinity.forumcontrol.Services.ServiceThreadTest.testUpdateVoteCountsDownvoteToNone(ServiceThreadTest.java:633)
	at java.base/java.lang.reflect.Method.invoke(Method.java:565)
	at java.base/java.util.ArrayList.forEach(ArrayList.java:1604)
	at java.base/java.util.ArrayList.forEach(ArrayList.java:1604)

com.serinity.forumcontrol.Services.ServiceThreadTest.testIncrementFollowCount -- Time elapsed: 0.001 s <<< ERROR!
java.lang.NullPointerException: Cannot invoke "java.lang.Long.longValue()" because "this.threadId1" is null
	at com.serinity.forumcontrol.Services.ServiceThreadTest.testIncrementFollowCount(ServiceThreadTest.java:651)
	at java.base/java.lang.reflect.Method.invoke(Method.java:565)
	at java.base/java.util.ArrayList.forEach(ArrayList.java:1604)
	at java.base/java.util.ArrayList.forEach(ArrayList.java:1604)

com.serinity.forumcontrol.Services.ServiceThreadTest.testDecrementFollowCount -- Time elapsed: 0.001 s <<< ERROR!
java.lang.NullPointerException: Cannot invoke "java.lang.Long.longValue()" because "this.threadId1" is null
	at com.serinity.forumcontrol.Services.ServiceThreadTest.testDecrementFollowCount(ServiceThreadTest.java:669)
	at java.base/java.lang.reflect.Method.invoke(Method.java:565)
	at java.base/java.util.ArrayList.forEach(ArrayList.java:1604)
	at java.base/java.util.ArrayList.forEach(ArrayList.java:1604)

com.serinity.forumcontrol.Services.ServiceThreadTest.testDeleteThread -- Time elapsed: 0.004 s <<< FAILURE!
org.opentest4j.AssertionFailedError: expected: not <null>
	at org.junit.jupiter.api.AssertionFailureBuilder.build(AssertionFailureBuilder.java:152)
	at org.junit.jupiter.api.AssertionFailureBuilder.buildAndThrow(AssertionFailureBuilder.java:132)
	at org.junit.jupiter.api.AssertNotNull.failNull(AssertNotNull.java:49)
	at org.junit.jupiter.api.AssertNotNull.assertNotNull(AssertNotNull.java:35)
	at org.junit.jupiter.api.AssertNotNull.assertNotNull(AssertNotNull.java:30)
	at org.junit.jupiter.api.Assertions.assertNotNull(Assertions.java:304)
	at com.serinity.forumcontrol.Services.ServiceThreadTest.testDeleteThread(ServiceThreadTest.java:703)
	at java.base/java.lang.reflect.Method.invoke(Method.java:565)
	at java.base/java.util.ArrayList.forEach(ArrayList.java:1604)
	at java.base/java.util.ArrayList.forEach(ArrayList.java:1604)

