<?xml version="1.0" encoding="UTF-8"?>
<testsuite xmlns:xsi="http://www.w3.org/2001/XMLSchema-instance" xsi:noNamespaceSchemaLocation="https://maven.apache.org/surefire/maven-surefire-plugin/xsd/surefire-test-report-3.0.xsd" version="3.0" name="com.serinity.forumcontrol.Services.ServiceThreadTest" time="0.099" tests="33" errors="18" skipped="0" failures="5">
  <properties>
[...]
</properties>
  <testcase name="testAddDiscussionThread" classname="com.serinity.forumcontrol.Services.ServiceThreadTest" time="0.022">
    <failure message="Thread should be created ==&gt; expected: not &lt;null&gt;" type="org.opentest4j.AssertionFailedError"><![CDATA[org.opentest4j.AssertionFailedError: Thread should be created ==> expected: not <null>
	at org.junit.jupiter.api.AssertionFailureBuilder.build(AssertionFailureBuilder.java:152)
	at org.junit.jupiter.api.AssertionFailureBuilder.buildAndThrow(AssertionFailureBuilder.java:132)
	at org.junit.jupiter.api.AssertNotNull.failNull(AssertNotNull.java:49)
	at org.junit.jupiter.api.AssertNotNull.assertNotNull(AssertNotNull.java:35)
	at org.junit.jupiter.api.Assertions.assertNotNull(Assertions.java:312)
	at com.serinity.forumcontrol.Services.ServiceThreadTest.testAddDiscussionThread(ServiceThreadTest.java:105)
	at java.base/java.lang.reflect.Method.invoke(Method.java:565)
	at java.base/java.util.ArrayList.forEach(ArrayList.java:1604)
	at java.base/java.util.ArrayList.forEach(ArrayList.java:1604)
]]></failure>
    <system-out><![CDATA[Category added successfully!
=== Starting ServiceThread Tests ===
Test User ID: 5
Test Category ID: 56
]]></system-out>
  </testcase>
  <testcase name="testAddQuestionThread" classname="com.serinity.forumcontrol.Services.ServiceThreadTest" time="0.003">
    <failure message="expected: not &lt;null&gt;" type="org.opentest4j.AssertionFailedError"><![CDATA[org.opentest4j.AssertionFailedError: expected: not <null>
	at org.junit.jupiter.api.AssertionFailureBuilder.build(AssertionFailureBuilder.java:152)
	at org.junit.jupiter.api.AssertionFailureBuilder.buildAndThrow(AssertionFailureBuilder.java:132)
	at org.junit.jupiter.api.AssertNotNull.failNull(AssertNotNull.java:49)
	at org.junit.jupiter.api.AssertNotNull.assertNotNull(AssertNotNull.java:35)
	at org.junit.jupiter.api.AssertNotNull.assertNotNull(AssertNotNull.java:30)
	at org.junit.jupiter.api.Assertions.assertNotNull(Assertions.java:304)
	at com.serinity.forumcontrol.Services.ServiceThreadTest.testAddQuestionThread(ServiceThreadTest.java:143)
	at java.base/java.lang.reflect.Method.invoke(Method.java:565)
	at java.base/java.util.ArrayList.forEach(ArrayList.java:1604)
	at java.base/java.util.ArrayList.forEach(ArrayList.java:1604)
]]></failure>
  </testcase>
  <testcase name="testAddAnnouncementThread" classname="com.serinity.forumcontrol.Services.ServiceThreadTest" time="0.004">
    <failure message="expected: not &lt;null&gt;" type="org.opentest4j.AssertionFailedError"><![CDATA[org.opentest4j.AssertionFailedError: expected: not <null>
	at org.junit.jupiter.api.AssertionFailureBuilder.build(AssertionFailureBuilder.java:152)
	at org.junit.jupiter.api.AssertionFailureBuilder.buildAndThrow(AssertionFailureBuilder.java:132)
	at org.junit.jupiter.api.AssertNotNull.failNull(AssertNotNull.java:49)
	at org.junit.jupiter.api.AssertNotNull.assertNotNull(AssertNotNull.java:35)
	at org.junit.jupiter.api.AssertNotNull.assertNotNull(AssertNotNull.java:30)
	at org.junit.jupiter.api.Assertions.assertNotNull(Assertions.java:304)
	at com.serinity.forumcontrol.Services.ServiceThreadTest.testAddAnnouncementThread(ServiceThreadTest.java:173)
	at java.base/java.lang.reflect.Method.invoke(Method.java:565)
	at java.base/java.util.ArrayList.forEach(ArrayList.java:1604)
	at java.base/java.util.ArrayList.forEach(ArrayList.java:1604)
]]></failure>
  </testcase>
  <testcase name="testAutoSetUserId" classname="com.serinity.forumcontrol.Services.ServiceThreadTest" time="0.004">
    <failure message="expected: not &lt;null&gt;" type="org.opentest4j.AssertionFailedError"><![CDATA[org.opentest4j.AssertionFailedError: expected: not <null>
	at org.junit.jupiter.api.AssertionFailureBuilder.build(AssertionFailureBuilder.java:152)
	at org.junit.jupiter.api.AssertionFailureBuilder.buildAndThrow(AssertionFailureBuilder.java:132)
	at org.junit.jupiter.api.AssertNotNull.failNull(AssertNotNull.java:49)
	at org.junit.jupiter.api.AssertNotNull.assertNotNull(AssertNotNull.java:35)
	at org.junit.jupiter.api.AssertNotNull.assertNotNull(AssertNotNull.java:30)
	at org.junit.jupiter.api.Assertions.assertNotNull(Assertions.java:304)
	at com.serinity.forumcontrol.Services.ServiceThreadTest.testAutoSetUserId(ServiceThreadTest.java:205)
	at java.base/java.lang.reflect.Method.invoke(Method.java:565)
	at java.base/java.util.ArrayList.forEach(ArrayList.java:1604)
	at java.base/java.util.ArrayList.forEach(ArrayList.java:1604)
]]></failure>
  </testcase>
  <testcase name="testGetById" classname="com.serinity.forumcontrol.Services.ServiceThreadTest" time="0.002">
    <error message="Cannot invoke &quot;java.lang.Long.longValue()&quot; because &quot;this.threadId1&quot; is null" type="java.lang.NullPointerException"><![CDATA[java.lang.NullPointerException: Cannot invoke "java.lang.Long.longValue()" because "this.threadId1" is null
	at com.serinity.forumcontrol.Services.ServiceThreadTest.testGetById(ServiceThreadTest.java:220)
	at java.base/java.lang.reflect.Method.invoke(Method.java:565)
	at java.base/java.util.ArrayList.forEach(ArrayList.java:1604)
	at java.base/java.util.ArrayList.forEach(ArrayList.java:1604)
]]></error>
  </testcase>
  <testcase name="testGetByIdNonExistent" classname="com.serinity.forumcontrol.Services.ServiceThreadTest" time="0.003">
    <system-out><![CDATA[✓ Correctly returned null for non-existent ID
]]></system-out>
  </testcase>
  <testcase name="testGetByUser" classname="com.serinity.forumcontrol.Services.ServiceThreadTest" time="0.002">
    <system-out><![CDATA[✓ Retrieved user threads: 8
]]></system-out>
  </testcase>
  <testcase name="testGetByUserNoThreads" classname="com.serinity.forumcontrol.Services.ServiceThreadTest" time="0.001">
    <system-out><![CDATA[✓ Correctly returned empty list for user with no threads
]]></system-out>
  </testcase>
  <testcase name="testUpdateThreadContent" classname="com.serinity.forumcontrol.Services.ServiceThreadTest" time="0.0">
    <error message="Cannot invoke &quot;java.lang.Long.longValue()&quot; because &quot;this.threadId1&quot; is null" type="java.lang.NullPointerException"><![CDATA[java.lang.NullPointerException: Cannot invoke "java.lang.Long.longValue()" because "this.threadId1" is null
	at com.serinity.forumcontrol.Services.ServiceThreadTest.testUpdateThreadContent(ServiceThreadTest.java:280)
	at java.base/java.lang.reflect.Method.invoke(Method.java:565)
	at java.base/java.util.ArrayList.forEach(ArrayList.java:1604)
	at java.base/java.util.ArrayList.forEach(ArrayList.java:1604)
]]></error>
  </testcase>
  <testcase name="testUpdateThreadType" classname="com.serinity.forumcontrol.Services.ServiceThreadTest" time="0.001">
    <error message="Cannot invoke &quot;java.lang.Long.longValue()&quot; because &quot;this.threadId1&quot; is null" type="java.lang.NullPointerException"><![CDATA[java.lang.NullPointerException: Cannot invoke "java.lang.Long.longValue()" because "this.threadId1" is null
	at com.serinity.forumcontrol.Services.ServiceThreadTest.testUpdateThreadType(ServiceThreadTest.java:304)
	at java.base/java.lang.reflect.Method.invoke(Method.java:565)
	at java.base/java.util.ArrayList.forEach(ArrayList.java:1604)
	at java.base/java.util.ArrayList.forEach(ArrayList.java:1604)
]]></error>
  </testcase>
  <testcase name="testUpdateThreadCategory" classname="com.serinity.forumcontrol.Services.ServiceThreadTest" time="0.002">
    <error message="Cannot invoke &quot;java.lang.Long.longValue()&quot; because &quot;this.threadId1&quot; is null" type="java.lang.NullPointerException"><![CDATA[java.lang.NullPointerException: Cannot invoke "java.lang.Long.longValue()" because "this.threadId1" is null
	at com.serinity.forumcontrol.Services.ServiceThreadTest.testUpdateThreadCategory(ServiceThreadTest.java:333)
	at java.base/java.lang.reflect.Method.invoke(Method.java:565)
	at java.base/java.util.ArrayList.forEach(ArrayList.java:1604)
	at java.base/java.util.ArrayList.forEach(ArrayList.java:1604)
]]></error>
    <system-out><![CDATA[Error: Category with slug 'new-test-cat' already exists!
]]></system-out>
  </testcase>
  <testcase name="testUpdateStatusToLocked" classname="com.serinity.forumcontrol.Services.ServiceThreadTest" time="0.001">
    <error message="Cannot invoke &quot;java.lang.Long.longValue()&quot; because &quot;this.threadId1&quot; is null" type="java.lang.NullPointerException"><![CDATA[java.lang.NullPointerException: Cannot invoke "java.lang.Long.longValue()" because "this.threadId1" is null
	at com.serinity.forumcontrol.Services.ServiceThreadTest.testUpdateStatusToLocked(ServiceThreadTest.java:359)
	at java.base/java.lang.reflect.Method.invoke(Method.java:565)
	at java.base/java.util.ArrayList.forEach(ArrayList.java:1604)
	at java.base/java.util.ArrayList.forEach(ArrayList.java:1604)
]]></error>
  </testcase>
  <testcase name="testUpdateStatusToOpen" classname="com.serinity.forumcontrol.Services.ServiceThreadTest" time="0.0">
    <error message="Cannot invoke &quot;java.lang.Long.longValue()&quot; because &quot;this.threadId1&quot; is null" type="java.lang.NullPointerException"><![CDATA[java.lang.NullPointerException: Cannot invoke "java.lang.Long.longValue()" because "this.threadId1" is null
	at com.serinity.forumcontrol.Services.ServiceThreadTest.testUpdateStatusToOpen(ServiceThreadTest.java:373)
	at java.base/java.lang.reflect.Method.invoke(Method.java:565)
	at java.base/java.util.ArrayList.forEach(ArrayList.java:1604)
	at java.base/java.util.ArrayList.forEach(ArrayList.java:1604)
]]></error>
  </testcase>
  <testcase name="testUpdateStatusToArchived" classname="com.serinity.forumcontrol.Services.ServiceThreadTest" time="0.001">
    <error message="Cannot invoke &quot;java.lang.Long.longValue()&quot; because &quot;this.threadId2&quot; is null" type="java.lang.NullPointerException"><![CDATA[java.lang.NullPointerException: Cannot invoke "java.lang.Long.longValue()" because "this.threadId2" is null
	at com.serinity.forumcontrol.Services.ServiceThreadTest.testUpdateStatusToArchived(ServiceThreadTest.java:387)
	at java.base/java.lang.reflect.Method.invoke(Method.java:565)
	at java.base/java.util.ArrayList.forEach(ArrayList.java:1604)
	at java.base/java.util.ArrayList.forEach(ArrayList.java:1604)
]]></error>
  </testcase>
  <testcase name="testUpdateStatusNonExistent" classname="com.serinity.forumcontrol.Services.ServiceThreadTest" time="0.002">
    <system-out><![CDATA[No thread found with id: 999999
✓ Handled non-existent thread status update gracefully
]]></system-out>
  </testcase>
  <testcase name="testTogglePinToTrue" classname="com.serinity.forumcontrol.Services.ServiceThreadTest" time="0.001">
    <error message="Cannot invoke &quot;java.lang.Long.longValue()&quot; because &quot;this.threadId1&quot; is null" type="java.lang.NullPointerException"><![CDATA[java.lang.NullPointerException: Cannot invoke "java.lang.Long.longValue()" because "this.threadId1" is null
	at com.serinity.forumcontrol.Services.ServiceThreadTest.testTogglePinToTrue(ServiceThreadTest.java:418)
	at java.base/java.lang.reflect.Method.invoke(Method.java:565)
	at java.base/java.util.ArrayList.forEach(ArrayList.java:1604)
	at java.base/java.util.ArrayList.forEach(ArrayList.java:1604)
]]></error>
  </testcase>
  <testcase name="testTogglePinToFalse" classname="com.serinity.forumcontrol.Services.ServiceThreadTest" time="0.0">
    <error message="Cannot invoke &quot;java.lang.Long.longValue()&quot; because &quot;this.threadId1&quot; is null" type="java.lang.NullPointerException"><![CDATA[java.lang.NullPointerException: Cannot invoke "java.lang.Long.longValue()" because "this.threadId1" is null
	at com.serinity.forumcontrol.Services.ServiceThreadTest.testTogglePinToFalse(ServiceThreadTest.java:440)
	at java.base/java.lang.reflect.Method.invoke(Method.java:565)
	at java.base/java.util.ArrayList.forEach(ArrayList.java:1604)
	at java.base/java.util.ArrayList.forEach(ArrayList.java:1604)
]]></error>
  </testcase>
  <testcase name="testIsOwner" classname="com.serinity.forumcontrol.Services.ServiceThreadTest" time="0.0">
    <error message="Cannot invoke &quot;java.lang.Long.longValue()&quot; because &quot;this.threadId1&quot; is null" type="java.lang.NullPointerException"><![CDATA[java.lang.NullPointerException: Cannot invoke "java.lang.Long.longValue()" because "this.threadId1" is null
	at com.serinity.forumcontrol.Services.ServiceThreadTest.testIsOwner(ServiceThreadTest.java:460)
	at java.base/java.lang.reflect.Method.invoke(Method.java:565)
	at java.base/java.util.ArrayList.forEach(ArrayList.java:1604)
	at java.base/java.util.ArrayList.forEach(ArrayList.java:1604)
]]></error>
  </testcase>
  <testcase name="testIsNotOwner" classname="com.serinity.forumcontrol.Services.ServiceThreadTest" time="0.0">
    <error message="Cannot invoke &quot;java.lang.Long.longValue()&quot; because &quot;this.threadId1&quot; is null" type="java.lang.NullPointerException"><![CDATA[java.lang.NullPointerException: Cannot invoke "java.lang.Long.longValue()" because "this.threadId1" is null
	at com.serinity.forumcontrol.Services.ServiceThreadTest.testIsNotOwner(ServiceThreadTest.java:473)
	at java.base/java.lang.reflect.Method.invoke(Method.java:565)
	at java.base/java.util.ArrayList.forEach(ArrayList.java:1604)
	at java.base/java.util.ArrayList.forEach(ArrayList.java:1604)
]]></error>
  </testcase>
  <testcase name="testIsOwnerNonExistent" classname="com.serinity.forumcontrol.Services.ServiceThreadTest" time="0.001">
    <system-out><![CDATA[✓ Correctly handled non-existent thread ownership check
]]></system-out>
  </testcase>
  <testcase name="testGetAuthor" classname="com.serinity.forumcontrol.Services.ServiceThreadTest" time="0.003">
    <system-out><![CDATA[✓ Retrieved author: admin
]]></system-out>
  </testcase>
  <testcase name="testGetAuthorNonExistent" classname="com.serinity.forumcontrol.Services.ServiceThreadTest" time="0.001">
    <system-out><![CDATA[✓ Returned fallback author: User#nonexistent-user-999
]]></system-out>
  </testcase>
  <testcase name="testGetCategory" classname="com.serinity.forumcontrol.Services.ServiceThreadTest" time="0.001">
    <system-out><![CDATA[✓ Retrieved category slug: test-forum-cat
]]></system-out>
  </testcase>
  <testcase name="testGetCategoryNonExistent" classname="com.serinity.forumcontrol.Services.ServiceThreadTest" time="0.002">
    <system-out><![CDATA[✓ Returned 'unknown' for non-existent category
]]></system-out>
  </testcase>
  <testcase name="testIncrementCommentCount" classname="com.serinity.forumcontrol.Services.ServiceThreadTest" time="0.001">
    <error message="Cannot invoke &quot;java.lang.Long.longValue()&quot; because &quot;this.threadId1&quot; is null" type="java.lang.NullPointerException"><![CDATA[java.lang.NullPointerException: Cannot invoke "java.lang.Long.longValue()" because "this.threadId1" is null
	at com.serinity.forumcontrol.Services.ServiceThreadTest.testIncrementCommentCount(ServiceThreadTest.java:556)
	at java.base/java.lang.reflect.Method.invoke(Method.java:565)
	at java.base/java.util.ArrayList.forEach(ArrayList.java:1604)
	at java.base/java.util.ArrayList.forEach(ArrayList.java:1604)
]]></error>
  </testcase>
  <testcase name="testDecrementCommentCount" classname="com.serinity.forumcontrol.Services.ServiceThreadTest" time="0.001">
    <error message="Cannot invoke &quot;java.lang.Long.longValue()&quot; because &quot;this.threadId1&quot; is null" type="java.lang.NullPointerException"><![CDATA[java.lang.NullPointerException: Cannot invoke "java.lang.Long.longValue()" because "this.threadId1" is null
	at com.serinity.forumcontrol.Services.ServiceThreadTest.testDecrementCommentCount(ServiceThreadTest.java:574)
	at java.base/java.lang.reflect.Method.invoke(Method.java:565)
	at java.base/java.util.ArrayList.forEach(ArrayList.java:1604)
	at java.base/java.util.ArrayList.forEach(ArrayList.java:1604)
]]></error>
  </testcase>
  <testcase name="testUpdateVoteCountsToUpvote" classname="com.serinity.forumcontrol.Services.ServiceThreadTest" time="0.0">
    <error message="Cannot invoke &quot;java.lang.Long.longValue()&quot; because &quot;this.threadId1&quot; is null" type="java.lang.NullPointerException"><![CDATA[java.lang.NullPointerException: Cannot invoke "java.lang.Long.longValue()" because "this.threadId1" is null
	at com.serinity.forumcontrol.Services.ServiceThreadTest.testUpdateVoteCountsToUpvote(ServiceThreadTest.java:595)
	at java.base/java.lang.reflect.Method.invoke(Method.java:565)
	at java.base/java.util.ArrayList.forEach(ArrayList.java:1604)
	at java.base/java.util.ArrayList.forEach(ArrayList.java:1604)
]]></error>
  </testcase>
  <testcase name="testUpdateVoteCountsUpvoteToDownvote" classname="com.serinity.forumcontrol.Services.ServiceThreadTest" time="0.001">
    <error message="Cannot invoke &quot;java.lang.Long.longValue()&quot; because &quot;this.threadId1&quot; is null" type="java.lang.NullPointerException"><![CDATA[java.lang.NullPointerException: Cannot invoke "java.lang.Long.longValue()" because "this.threadId1" is null
	at com.serinity.forumcontrol.Services.ServiceThreadTest.testUpdateVoteCountsUpvoteToDownvote(ServiceThreadTest.java:613)
	at java.base/java.lang.reflect.Method.invoke(Method.java:565)
	at java.base/java.util.ArrayList.forEach(ArrayList.java:1604)
	at java.base/java.util.ArrayList.forEach(ArrayList.java:1604)
]]></error>
  </testcase>
  <testcase name="testUpdateVoteCountsDownvoteToNone" classname="com.serinity.forumcontrol.Services.ServiceThreadTest" time="0.001">
    <error message="Cannot invoke &quot;java.lang.Long.longValue()&quot; because &quot;this.threadId1&quot; is null" type="java.lang.NullPointerException"><![CDATA[java.lang.NullPointerException: Cannot invoke "java.lang.Long.longValue()" because "this.threadId1" is null
	at com.serinity.forumcontrol.Services.ServiceThreadTest.testUpdateVoteCountsDownvoteToNone(ServiceThreadTest.java:633)
	at java.base/java.lang.reflect.Method.invoke(Method.java:565)
	at java.base/java.util.ArrayList.forEach(ArrayList.java:1604)
	at java.base/java.util.ArrayList.forEach(ArrayList.java:1604)
]]></error>
  </testcase>
  <testcase name="testIncrementFollowCount" classname="com.serinity.forumcontrol.Services.ServiceThreadTest" time="0.001">
    <error message="Cannot invoke &quot;java.lang.Long.longValue()&quot; because &quot;this.threadId1&quot; is null" type="java.lang.NullPointerException"><![CDATA[java.lang.NullPointerException: Cannot invoke "java.lang.Long.longValue()" because "this.threadId1" is null
	at com.serinity.forumcontrol.Services.ServiceThreadTest.testIncrementFollowCount(ServiceThreadTest.java:651)
	at java.base/java.lang.reflect.Method.invoke(Method.java:565)
	at java.base/java.util.ArrayList.forEach(ArrayList.java:1604)
	at java.base/java.util.ArrayList.forEach(ArrayList.java:1604)
]]></error>
  </testcase>
  <testcase name="testDecrementFollowCount" classname="com.serinity.forumcontrol.Services.ServiceThreadTest" time="0.001">
    <error message="Cannot invoke &quot;java.lang.Long.longValue()&quot; because &quot;this.threadId1&quot; is null" type="java.lang.NullPointerException"><![CDATA[java.lang.NullPointerException: Cannot invoke "java.lang.Long.longValue()" because "this.threadId1" is null
	at com.serinity.forumcontrol.Services.ServiceThreadTest.testDecrementFollowCount(ServiceThreadTest.java:669)
	at java.base/java.lang.reflect.Method.invoke(Method.java:565)
	at java.base/java.util.ArrayList.forEach(ArrayList.java:1604)
	at java.base/java.util.ArrayList.forEach(ArrayList.java:1604)
]]></error>
  </testcase>
  <testcase name="testDeleteThread" classname="com.serinity.forumcontrol.Services.ServiceThreadTest" time="0.004">
    <failure message="expected: not &lt;null&gt;" type="org.opentest4j.AssertionFailedError"><![CDATA[org.opentest4j.AssertionFailedError: expected: not <null>
	at org.junit.jupiter.api.AssertionFailureBuilder.build(AssertionFailureBuilder.java:152)
	at org.junit.jupiter.api.AssertionFailureBuilder.buildAndThrow(AssertionFailureBuilder.java:132)
	at org.junit.jupiter.api.AssertNotNull.failNull(AssertNotNull.java:49)
	at org.junit.jupiter.api.AssertNotNull.assertNotNull(AssertNotNull.java:35)
	at org.junit.jupiter.api.AssertNotNull.assertNotNull(AssertNotNull.java:30)
	at org.junit.jupiter.api.Assertions.assertNotNull(Assertions.java:304)
	at com.serinity.forumcontrol.Services.ServiceThreadTest.testDeleteThread(ServiceThreadTest.java:703)
	at java.base/java.lang.reflect.Method.invoke(Method.java:565)
	at java.base/java.util.ArrayList.forEach(ArrayList.java:1604)
	at java.base/java.util.ArrayList.forEach(ArrayList.java:1604)
]]></failure>
  </testcase>
  <testcase name="testDeleteNonExistent" classname="com.serinity.forumcontrol.Services.ServiceThreadTest" time="0.001">
    <system-out><![CDATA[No thread found with id: 999999
✓ Handled deletion of non-existent thread gracefully
]]></system-out>
  </testcase>
</testsuite>