<?xml version="1.0" encoding="UTF-8"?>
<testsuite xmlns:xsi="http://www.w3.org/2001/XMLSchema-instance" xsi:noNamespaceSchemaLocation="https://maven.apache.org/surefire/maven-surefire-plugin/xsd/surefire-test-report-3.0.xsd" version="3.0" name="com.serinity.forumcontrol.Services.ServiceThreadTest" time="0.099" tests="33" errors="18" skipped="0" failures="5">
  <properties>
    <property name="java.specification.version" value="25"/>
    <property name="sun.cpu.isalist" value="amd64"/>
    <property name="sun.jnu.encoding" value="Cp1252"/>
    <property name="java.class.path" value="C:\Users\saifd\Downloads\serinity-desktop-main\serinity-desktop-main\project\forum-control\target\test-classes;C:\Users\saifd\Downloads\serinity-desktop-main\serinity-desktop-main\project\forum-control\target\classes;C:\Users\saifd\.m2\repository\com\mysql\mysql-connector-j\8.0.33\mysql-connector-j-8.0.33.jar;C:\Users\saifd\.m2\repository\com\google\protobuf\protobuf-java\3.21.9\protobuf-java-3.21.9.jar;C:\Users\saifd\.m2\repository\org\openjfx\javafx-controls\22.0.2\javafx-controls-22.0.2.jar;C:\Users\saifd\.m2\repository\org\openjfx\javafx-controls\22.0.2\javafx-controls-22.0.2-win.jar;C:\Users\saifd\.m2\repository\org\openjfx\javafx-fxml\22.0.2\javafx-fxml-22.0.2.jar;C:\Users\saifd\.m2\repository\org\openjfx\javafx-fxml\22.0.2\javafx-fxml-22.0.2-win.jar;C:\Users\saifd\.m2\repository\org\mariadb\jdbc\mariadb-java-client\3.5.2\mariadb-java-client-3.5.2.jar;C:\Users\saifd\.m2\repository\org\junit\jupiter\junit-jupiter\5.10.1\junit-jupiter-5.10.1.jar;C:\Users\saifd\.m2\repository\org\junit\jupiter\junit-jupiter-api\5.10.1\junit-jupiter-api-5.10.1.jar;C:\Users\saifd\.m2\repository\org\opentest4j\opentest4j\1.3.0\opentest4j-1.3.0.jar;C:\Users\saifd\.m2\repository\org\junit\platform\junit-platform-commons\1.10.1\junit-platform-commons-1.10.1.jar;C:\Users\saifd\.m2\repository\org\apiguardian\apiguardian-api\1.1.2\apiguardian-api-1.1.2.jar;C:\Users\saifd\.m2\repository\org\junit\jupiter\junit-jupiter-params\5.10.1\junit-jupiter-params-5.10.1.jar;C:\Users\saifd\.m2\repository\org\junit\jupiter\junit-jupiter-engine\5.10.1\junit-jupiter-engine-5.10.1.jar;C:\Users\saifd\.m2\repository\org\junit\platform\junit-platform-engine\1.10.1\junit-platform-engine-1.10.1.jar;C:\Users\saifd\.m2\repository\io\github\cdimascio\dotenv-java\3.2.0\dotenv-java-3.2.0.jar;C:\Users\saifd\.m2\repository\org\openjfx\javafx-graphics\25.0.2\javafx-graphics-25.0.2.jar;C:\Users\saifd\.m2\repository\org\openjfx\javafx-graphics\25.0.2\javafx-graphics-25.0.2-win.jar;C:\Users\saifd\.m2\repository\org\openjfx\javafx-base\25.0.2\javafx-base-25.0.2.jar;C:\Users\saifd\.m2\repository\org\openjfx\javafx-base\25.0.2\javafx-base-25.0.2-win.jar;"/>
    <property name="java.vm.vendor" value="Oracle Corporation"/>
    <property name="sun.arch.data.model" value="64"/>
    <property name="user.variant" value=""/>
    <property name="java.vendor.url" value="https://java.oracle.com/"/>
    <property name="user.timezone" value="Africa/Tunis"/>
    <property name="os.name" value="Windows 11"/>
    <property name="java.vm.specification.version" value="25"/>
    <property name="sun.java.launcher" value="SUN_STANDARD"/>
    <property name="user.country" value="US"/>
    <property name="sun.boot.library.path" value="C:\Program Files\Java\jdk-25.0.2\bin"/>
    <property name="sun.java.command" value="C:\Users\saifd\AppData\Local\Temp\surefire8384400893117729901\surefirebooter-20260216192103635_3.jar C:\Users\saifd\AppData\Local\Temp\surefire8384400893117729901 2026-02-16T19-21-03_553-jvmRun1 surefire-20260216192103635_1tmp surefire_0-20260216192103635_2tmp"/>
    <property name="jdk.debug" value="release"/>
    <property name="surefire.test.class.path" value="C:\Users\saifd\Downloads\serinity-desktop-main\serinity-desktop-main\project\forum-control\target\test-classes;C:\Users\saifd\Downloads\serinity-desktop-main\serinity-desktop-main\project\forum-control\target\classes;C:\Users\saifd\.m2\repository\com\mysql\mysql-connector-j\8.0.33\mysql-connector-j-8.0.33.jar;C:\Users\saifd\.m2\repository\com\google\protobuf\protobuf-java\3.21.9\protobuf-java-3.21.9.jar;C:\Users\saifd\.m2\repository\org\openjfx\javafx-controls\22.0.2\javafx-controls-22.0.2.jar;C:\Users\saifd\.m2\repository\org\openjfx\javafx-controls\22.0.2\javafx-controls-22.0.2-win.jar;C:\Users\saifd\.m2\repository\org\openjfx\javafx-fxml\22.0.2\javafx-fxml-22.0.2.jar;C:\Users\saifd\.m2\repository\org\openjfx\javafx-fxml\22.0.2\javafx-fxml-22.0.2-win.jar;C:\Users\saifd\.m2\repository\org\mariadb\jdbc\mariadb-java-client\3.5.2\mariadb-java-client-3.5.2.jar;C:\Users\saifd\.m2\repository\org\junit\jupiter\junit-jupiter\5.10.1\junit-jupiter-5.10.1.jar;C:\Users\saifd\.m2\repository\org\junit\jupiter\junit-jupiter-api\5.10.1\junit-jupiter-api-5.10.1.jar;C:\Users\saifd\.m2\repository\org\opentest4j\opentest4j\1.3.0\opentest4j-1.3.0.jar;C:\Users\saifd\.m2\repository\org\junit\platform\junit-platform-commons\1.10.1\junit-platform-commons-1.10.1.jar;C:\Users\saifd\.m2\repository\org\apiguardian\apiguardian-api\1.1.2\apiguardian-api-1.1.2.jar;C:\Users\saifd\.m2\repository\org\junit\jupiter\junit-jupiter-params\5.10.1\junit-jupiter-params-5.10.1.jar;C:\Users\saifd\.m2\repository\org\junit\jupiter\junit-jupiter-engine\5.10.1\junit-jupiter-engine-5.10.1.jar;C:\Users\saifd\.m2\repository\org\junit\platform\junit-platform-engine\1.10.1\junit-platform-engine-1.10.1.jar;C:\Users\saifd\.m2\repository\io\github\cdimascio\dotenv-java\3.2.0\dotenv-java-3.2.0.jar;C:\Users\saifd\.m2\repository\org\openjfx\javafx-graphics\25.0.2\javafx-graphics-25.0.2.jar;C:\Users\saifd\.m2\repository\org\openjfx\javafx-graphics\25.0.2\javafx-graphics-25.0.2-win.jar;C:\Users\saifd\.m2\repository\org\openjfx\javafx-base\25.0.2\javafx-base-25.0.2.jar;C:\Users\saifd\.m2\repository\org\openjfx\javafx-base\25.0.2\javafx-base-25.0.2-win.jar;"/>
    <property name="sun.cpu.endian" value="little"/>
    <property name="user.home" value="C:\Users\saifd"/>
    <property name="user.language" value="en"/>
    <property name="java.specification.vendor" value="Oracle Corporation"/>
    <property name="java.version.date" value="2026-01-20"/>
    <property name="java.home" value="C:\Program Files\Java\jdk-25.0.2"/>
    <property name="file.separator" value="\"/>
    <property name="basedir" value="C:\Users\saifd\Downloads\serinity-desktop-main\serinity-desktop-main\project\forum-control"/>
    <property name="java.vm.compressedOopsMode" value="Zero based"/>
    <property name="line.separator" value="&#10;"/>
    <property name="java.vm.specification.vendor" value="Oracle Corporation"/>
    <property name="java.specification.name" value="Java Platform API Specification"/>
    <property name="surefire.real.class.path" value="C:\Users\saifd\AppData\Local\Temp\surefire8384400893117729901\surefirebooter-20260216192103635_3.jar"/>
    <property name="user.script" value=""/>
    <property name="sun.management.compiler" value="HotSpot 64-Bit Tiered Compilers"/>
    <property name="java.runtime.version" value="25.0.2+10-LTS-69"/>
    <property name="user.name" value="saifd"/>
    <property name="stdout.encoding" value="Cp1252"/>
    <property name="path.separator" value=";"/>
    <property name="os.version" value="10.0"/>
    <property name="java.runtime.name" value="Java(TM) SE Runtime Environment"/>
    <property name="file.encoding" value="UTF-8"/>
    <property name="java.vm.name" value="Java HotSpot(TM) 64-Bit Server VM"/>
    <property name="localRepository" value="C:\Users\saifd\.m2\repository"/>
    <property name="java.vendor.url.bug" value="https://bugreport.java.com/bugreport/"/>
    <property name="java.io.tmpdir" value="C:\Users\saifd\AppData\Local\Temp\"/>
    <property name="java.version" value="25.0.2"/>
    <property name="user.dir" value="C:\Users\saifd\Downloads\serinity-desktop-main\serinity-desktop-main\project\forum-control"/>
    <property name="os.arch" value="amd64"/>
    <property name="java.vm.specification.name" value="Java Virtual Machine Specification"/>
    <property name="sun.os.patch.level" value=""/>
    <property name="native.encoding" value="Cp1252"/>
    <property name="java.library.path" value="C:\Program Files\Java\jdk-25.0.2\bin;C:\WINDOWS\Sun\Java\bin;C:\WINDOWS\system32;C:\WINDOWS;C:\oraclexe\app\oracle\product\11.2.0\server\bin;;C:\Program Files\Common Files\Oracle\Java\javapath;C:\WINDOWS\system32;C:\WINDOWS;C:\WINDOWS\System32\Wbem;C:\WINDOWS\System32\WindowsPowerShell\v1.0\;C:\WINDOWS\System32\OpenSSH\;C:\xampp\php;C:\ProgramData\ComposerSetup\bin;C:\Program Files\Git\cmd;C:\flutter\bin;C:\Program Files\Apache\maven\bin;C:\Program Files (x86)\Windows Kits\10\Windows Performance Toolkit\;C:\msys64\mingw64\bin;C:\Users\saifd\scoop\shims;C:\Users\saifd\AppData\Local\Microsoft\WindowsApps;C:\Users\saifd\AppData\Roaming\Composer\vendor\bin;C:\Users\saifd\AppData\Local\Programs\Microsoft VS Code\bin;c:\flutter\bin;C:\Program Files\Apache\maven\bin;C:\Users\saifd\AppData\Local\Android\Sdk\platform-tools;C:\Users\saifd\AppData\Local\Android\Sdk\cmdline-tools\latest\bin;C:\Users\saifd\AppData\Local\Android\Sdk\emulator;;."/>
    <property name="java.vm.info" value="mixed mode, sharing"/>
    <property name="stderr.encoding" value="Cp1252"/>
    <property name="java.vendor" value="Oracle Corporation"/>
    <property name="java.vm.version" value="25.0.2+10-LTS-69"/>
    <property name="stdin.encoding" value="Cp1252"/>
    <property name="sun.io.unicode.encoding" value="UnicodeLittle"/>
    <property name="java.class.version" value="69.0"/>
  </properties>
  <testcase name="testAddDiscussionThread" classname="com.serinity.forumcontrol.Services.ServiceThreadTest" time="0.022">
    <failure message="Thread should be created ==&gt; expected: not &lt;null&gt;" type="org.opentest4j.AssertionFailedError"><![CDATA[org.opentest4j.AssertionFailedError: Thread should be created ==> expected: not <null>
	at org.junit.jupiter.api.AssertionFailureBuilder.build(AssertionFailureBuilder.java:152)
	at org.junit.jupiter.api.AssertionFailureBuilder.buildAndThrow(AssertionFailureBuilder.java:132)
	at org.junit.jupiter.api.AssertNotNull.failNull(AssertNotNull.java:49)
	at org.junit.jupiter.api.AssertNotNull.assertNotNull(AssertNotNull.java:35)
	at org.junit.jupiter.api.Assertions.assertNotNull(Assertions.java:312)
	at com.serinity.forumcontrol.Services.ServiceThreadTest.testAddDiscussionThread(ServiceThreadTest.java:105)
	at java.base/java.lang.reflect.Method.invoke(Method.java:565)
	at java.base/java.util.ArrayList.forEach(ArrayList.java:1604)
	at java.base/java.util.ArrayList.forEach(ArrayList.java:1604)
]]></failure>
    <system-out><![CDATA[Category added successfully!
=== Starting ServiceThread Tests ===
Test User ID: 5
Test Category ID: 56
]]></system-out>
  </testcase>
  <testcase name="testAddQuestionThread" classname="com.serinity.forumcontrol.Services.ServiceThreadTest" time="0.003">
    <failure message="expected: not &lt;null&gt;" type="org.opentest4j.AssertionFailedError"><![CDATA[org.opentest4j.AssertionFailedError: expected: not <null>
	at org.junit.jupiter.api.AssertionFailureBuilder.build(AssertionFailureBuilder.java:152)
	at org.junit.jupiter.api.AssertionFailureBuilder.buildAndThrow(AssertionFailureBuilder.java:132)
	at org.junit.jupiter.api.AssertNotNull.failNull(AssertNotNull.java:49)
	at org.junit.jupiter.api.AssertNotNull.assertNotNull(AssertNotNull.java:35)
	at org.junit.jupiter.api.AssertNotNull.assertNotNull(AssertNotNull.java:30)
	at org.junit.jupiter.api.Assertions.assertNotNull(Assertions.java:304)
	at com.serinity.forumcontrol.Services.ServiceThreadTest.testAddQuestionThread(ServiceThreadTest.java:143)
	at java.base/java.lang.reflect.Method.invoke(Method.java:565)
	at java.base/java.util.ArrayList.forEach(ArrayList.java:1604)
	at java.base/java.util.ArrayList.forEach(ArrayList.java:1604)
]]></failure>
  </testcase>
  <testcase name="testAddAnnouncementThread" classname="com.serinity.forumcontrol.Services.ServiceThreadTest" time="0.004">
    <failure message="expected: not &lt;null&gt;" type="org.opentest4j.AssertionFailedError"><![CDATA[org.opentest4j.AssertionFailedError: expected: not <null>
	at org.junit.jupiter.api.AssertionFailureBuilder.build(AssertionFailureBuilder.java:152)
	at org.junit.jupiter.api.AssertionFailureBuilder.buildAndThrow(AssertionFailureBuilder.java:132)
	at org.junit.jupiter.api.AssertNotNull.failNull(AssertNotNull.java:49)
	at org.junit.jupiter.api.AssertNotNull.assertNotNull(AssertNotNull.java:35)
	at org.junit.jupiter.api.AssertNotNull.assertNotNull(AssertNotNull.java:30)
	at org.junit.jupiter.api.Assertions.assertNotNull(Assertions.java:304)
	at com.serinity.forumcontrol.Services.ServiceThreadTest.testAddAnnouncementThread(ServiceThreadTest.java:173)
	at java.base/java.lang.reflect.Method.invoke(Method.java:565)
	at java.base/java.util.ArrayList.forEach(ArrayList.java:1604)
	at java.base/java.util.ArrayList.forEach(ArrayList.java:1604)
]]></failure>
  </testcase>
  <testcase name="testAutoSetUserId" classname="com.serinity.forumcontrol.Services.ServiceThreadTest" time="0.004">
    <failure message="expected: not &lt;null&gt;" type="org.opentest4j.AssertionFailedError"><![CDATA[org.opentest4j.AssertionFailedError: expected: not <null>
	at org.junit.jupiter.api.AssertionFailureBuilder.build(AssertionFailureBuilder.java:152)
	at org.junit.jupiter.api.AssertionFailureBuilder.buildAndThrow(AssertionFailureBuilder.java:132)
	at org.junit.jupiter.api.AssertNotNull.failNull(AssertNotNull.java:49)
	at org.junit.jupiter.api.AssertNotNull.assertNotNull(AssertNotNull.java:35)
	at org.junit.jupiter.api.AssertNotNull.assertNotNull(AssertNotNull.java:30)
	at org.junit.jupiter.api.Assertions.assertNotNull(Assertions.java:304)
	at com.serinity.forumcontrol.Services.ServiceThreadTest.testAutoSetUserId(ServiceThreadTest.java:205)
	at java.base/java.lang.reflect.Method.invoke(Method.java:565)
	at java.base/java.util.ArrayList.forEach(ArrayList.java:1604)
	at java.base/java.util.ArrayList.forEach(ArrayList.java:1604)
]]></failure>
  </testcase>
  <testcase name="testGetById" classname="com.serinity.forumcontrol.Services.ServiceThreadTest" time="0.002">
    <error message="Cannot invoke &quot;java.lang.Long.longValue()&quot; because &quot;this.threadId1&quot; is null" type="java.lang.NullPointerException"><![CDATA[java.lang.NullPointerException: Cannot invoke "java.lang.Long.longValue()" because "this.threadId1" is null
	at com.serinity.forumcontrol.Services.ServiceThreadTest.testGetById(ServiceThreadTest.java:220)
	at java.base/java.lang.reflect.Method.invoke(Method.java:565)
	at java.base/java.util.ArrayList.forEach(ArrayList.java:1604)
	at java.base/java.util.ArrayList.forEach(ArrayList.java:1604)
]]></error>
  </testcase>
  <testcase name="testGetByIdNonExistent" classname="com.serinity.forumcontrol.Services.ServiceThreadTest" time="0.003">
    <system-out><![CDATA[✓ Correctly returned null for non-existent ID
]]></system-out>
  </testcase>
  <testcase name="testGetByUser" classname="com.serinity.forumcontrol.Services.ServiceThreadTest" time="0.002">
    <system-out><![CDATA[✓ Retrieved user threads: 8
]]></system-out>
  </testcase>
  <testcase name="testGetByUserNoThreads" classname="com.serinity.forumcontrol.Services.ServiceThreadTest" time="0.001">
    <system-out><![CDATA[✓ Correctly returned empty list for user with no threads
]]></system-out>
  </testcase>
  <testcase name="testUpdateThreadContent" classname="com.serinity.forumcontrol.Services.ServiceThreadTest" time="0.0">
    <error message="Cannot invoke &quot;java.lang.Long.longValue()&quot; because &quot;this.threadId1&quot; is null" type="java.lang.NullPointerException"><![CDATA[java.lang.NullPointerException: Cannot invoke "java.lang.Long.longValue()" because "this.threadId1" is null
	at com.serinity.forumcontrol.Services.ServiceThreadTest.testUpdateThreadContent(ServiceThreadTest.java:280)
	at java.base/java.lang.reflect.Method.invoke(Method.java:565)
	at java.base/java.util.ArrayList.forEach(ArrayList.java:1604)
	at java.base/java.util.ArrayList.forEach(ArrayList.java:1604)
]]></error>
  </testcase>
  <testcase name="testUpdateThreadType" classname="com.serinity.forumcontrol.Services.ServiceThreadTest" time="0.001">
    <error message="Cannot invoke &quot;java.lang.Long.longValue()&quot; because &quot;this.threadId1&quot; is null" type="java.lang.NullPointerException"><![CDATA[java.lang.NullPointerException: Cannot invoke "java.lang.Long.longValue()" because "this.threadId1" is null
	at com.serinity.forumcontrol.Services.ServiceThreadTest.testUpdateThreadType(ServiceThreadTest.java:304)
	at java.base/java.lang.reflect.Method.invoke(Method.java:565)
	at java.base/java.util.ArrayList.forEach(ArrayList.java:1604)
	at java.base/java.util.ArrayList.forEach(ArrayList.java:1604)
]]></error>
  </testcase>
  <testcase name="testUpdateThreadCategory" classname="com.serinity.forumcontrol.Services.ServiceThreadTest" time="0.002">
    <error message="Cannot invoke &quot;java.lang.Long.longValue()&quot; because &quot;this.threadId1&quot; is null" type="java.lang.NullPointerException"><![CDATA[java.lang.NullPointerException: Cannot invoke "java.lang.Long.longValue()" because "this.threadId1" is null
	at com.serinity.forumcontrol.Services.ServiceThreadTest.testUpdateThreadCategory(ServiceThreadTest.java:333)
	at java.base/java.lang.reflect.Method.invoke(Method.java:565)
	at java.base/java.util.ArrayList.forEach(ArrayList.java:1604)
	at java.base/java.util.ArrayList.forEach(ArrayList.java:1604)
]]></error>
    <system-out><![CDATA[Error: Category with slug 'new-test-cat' already exists!
]]></system-out>
  </testcase>
  <testcase name="testUpdateStatusToLocked" classname="com.serinity.forumcontrol.Services.ServiceThreadTest" time="0.001">
    <error message="Cannot invoke &quot;java.lang.Long.longValue()&quot; because &quot;this.threadId1&quot; is null" type="java.lang.NullPointerException"><![CDATA[java.lang.NullPointerException: Cannot invoke "java.lang.Long.longValue()" because "this.threadId1" is null
	at com.serinity.forumcontrol.Services.ServiceThreadTest.testUpdateStatusToLocked(ServiceThreadTest.java:359)
	at java.base/java.lang.reflect.Method.invoke(Method.java:565)
	at java.base/java.util.ArrayList.forEach(ArrayList.java:1604)
	at java.base/java.util.ArrayList.forEach(ArrayList.java:1604)
]]></error>
  </testcase>
  <testcase name="testUpdateStatusToOpen" classname="com.serinity.forumcontrol.Services.ServiceThreadTest" time="0.0">
    <error message="Cannot invoke &quot;java.lang.Long.longValue()&quot; because &quot;this.threadId1&quot; is null" type="java.lang.NullPointerException"><![CDATA[java.lang.NullPointerException: Cannot invoke "java.lang.Long.longValue()" because "this.threadId1" is null
	at com.serinity.forumcontrol.Services.ServiceThreadTest.testUpdateStatusToOpen(ServiceThreadTest.java:373)
	at java.base/java.lang.reflect.Method.invoke(Method.java:565)
	at java.base/java.util.ArrayList.forEach(ArrayList.java:1604)
	at java.base/java.util.ArrayList.forEach(ArrayList.java:1604)
]]></error>
  </testcase>
  <testcase name="testUpdateStatusToArchived" classname="com.serinity.forumcontrol.Services.ServiceThreadTest" time="0.001">
    <error message="Cannot invoke &quot;java.lang.Long.longValue()&quot; because &quot;this.threadId2&quot; is null" type="java.lang.NullPointerException"><![CDATA[java.lang.NullPointerException: Cannot invoke "java.lang.Long.longValue()" because "this.threadId2" is null
	at com.serinity.forumcontrol.Services.ServiceThreadTest.testUpdateStatusToArchived(ServiceThreadTest.java:387)
	at java.base/java.lang.reflect.Method.invoke(Method.java:565)
	at java.base/java.util.ArrayList.forEach(ArrayList.java:1604)
	at java.base/java.util.ArrayList.forEach(ArrayList.java:1604)
]]></error>
  </testcase>
  <testcase name="testUpdateStatusNonExistent" classname="com.serinity.forumcontrol.Services.ServiceThreadTest" time="0.002">
    <system-out><![CDATA[No thread found with id: 999999
✓ Handled non-existent thread status update gracefully
]]></system-out>
  </testcase>
  <testcase name="testTogglePinToTrue" classname="com.serinity.forumcontrol.Services.ServiceThreadTest" time="0.001">
    <error message="Cannot invoke &quot;java.lang.Long.longValue()&quot; because &quot;this.threadId1&quot; is null" type="java.lang.NullPointerException"><![CDATA[java.lang.NullPointerException: Cannot invoke "java.lang.Long.longValue()" because "this.threadId1" is null
	at com.serinity.forumcontrol.Services.ServiceThreadTest.testTogglePinToTrue(ServiceThreadTest.java:418)
	at java.base/java.lang.reflect.Method.invoke(Method.java:565)
	at java.base/java.util.ArrayList.forEach(ArrayList.java:1604)
	at java.base/java.util.ArrayList.forEach(ArrayList.java:1604)
]]></error>
  </testcase>
  <testcase name="testTogglePinToFalse" classname="com.serinity.forumcontrol.Services.ServiceThreadTest" time="0.0">
    <error message="Cannot invoke &quot;java.lang.Long.longValue()&quot; because &quot;this.threadId1&quot; is null" type="java.lang.NullPointerException"><![CDATA[java.lang.NullPointerException: Cannot invoke "java.lang.Long.longValue()" because "this.threadId1" is null
	at com.serinity.forumcontrol.Services.ServiceThreadTest.testTogglePinToFalse(ServiceThreadTest.java:440)
	at java.base/java.lang.reflect.Method.invoke(Method.java:565)
	at java.base/java.util.ArrayList.forEach(ArrayList.java:1604)
	at java.base/java.util.ArrayList.forEach(ArrayList.java:1604)
]]></error>
  </testcase>
  <testcase name="testIsOwner" classname="com.serinity.forumcontrol.Services.ServiceThreadTest" time="0.0">
    <error message="Cannot invoke &quot;java.lang.Long.longValue()&quot; because &quot;this.threadId1&quot; is null" type="java.lang.NullPointerException"><![CDATA[java.lang.NullPointerException: Cannot invoke "java.lang.Long.longValue()" because "this.threadId1" is null
	at com.serinity.forumcontrol.Services.ServiceThreadTest.testIsOwner(ServiceThreadTest.java:460)
	at java.base/java.lang.reflect.Method.invoke(Method.java:565)
	at java.base/java.util.ArrayList.forEach(ArrayList.java:1604)
	at java.base/java.util.ArrayList.forEach(ArrayList.java:1604)
]]></error>
  </testcase>
  <testcase name="testIsNotOwner" classname="com.serinity.forumcontrol.Services.ServiceThreadTest" time="0.0">
    <error message="Cannot invoke &quot;java.lang.Long.longValue()&quot; because &quot;this.threadId1&quot; is null" type="java.lang.NullPointerException"><![CDATA[java.lang.NullPointerException: Cannot invoke "java.lang.Long.longValue()" because "this.threadId1" is null
	at com.serinity.forumcontrol.Services.ServiceThreadTest.testIsNotOwner(ServiceThreadTest.java:473)
	at java.base/java.lang.reflect.Method.invoke(Method.java:565)
	at java.base/java.util.ArrayList.forEach(ArrayList.java:1604)
	at java.base/java.util.ArrayList.forEach(ArrayList.java:1604)
]]></error>
  </testcase>
  <testcase name="testIsOwnerNonExistent" classname="com.serinity.forumcontrol.Services.ServiceThreadTest" time="0.001">
    <system-out><![CDATA[✓ Correctly handled non-existent thread ownership check
]]></system-out>
  </testcase>
  <testcase name="testGetAuthor" classname="com.serinity.forumcontrol.Services.ServiceThreadTest" time="0.003">
    <system-out><![CDATA[✓ Retrieved author: admin
]]></system-out>
  </testcase>
  <testcase name="testGetAuthorNonExistent" classname="com.serinity.forumcontrol.Services.ServiceThreadTest" time="0.001">
    <system-out><![CDATA[✓ Returned fallback author: User#nonexistent-user-999
]]></system-out>
  </testcase>
  <testcase name="testGetCategory" classname="com.serinity.forumcontrol.Services.ServiceThreadTest" time="0.001">
    <system-out><![CDATA[✓ Retrieved category slug: test-forum-cat
]]></system-out>
  </testcase>
  <testcase name="testGetCategoryNonExistent" classname="com.serinity.forumcontrol.Services.ServiceThreadTest" time="0.002">
    <system-out><![CDATA[✓ Returned 'unknown' for non-existent category
]]></system-out>
  </testcase>
  <testcase name="testIncrementCommentCount" classname="com.serinity.forumcontrol.Services.ServiceThreadTest" time="0.001">
    <error message="Cannot invoke &quot;java.lang.Long.longValue()&quot; because &quot;this.threadId1&quot; is null" type="java.lang.NullPointerException"><![CDATA[java.lang.NullPointerException: Cannot invoke "java.lang.Long.longValue()" because "this.threadId1" is null
	at com.serinity.forumcontrol.Services.ServiceThreadTest.testIncrementCommentCount(ServiceThreadTest.java:556)
	at java.base/java.lang.reflect.Method.invoke(Method.java:565)
	at java.base/java.util.ArrayList.forEach(ArrayList.java:1604)
	at java.base/java.util.ArrayList.forEach(ArrayList.java:1604)
]]></error>
  </testcase>
  <testcase name="testDecrementCommentCount" classname="com.serinity.forumcontrol.Services.ServiceThreadTest" time="0.001">
    <error message="Cannot invoke &quot;java.lang.Long.longValue()&quot; because &quot;this.threadId1&quot; is null" type="java.lang.NullPointerException"><![CDATA[java.lang.NullPointerException: Cannot invoke "java.lang.Long.longValue()" because "this.threadId1" is null
	at com.serinity.forumcontrol.Services.ServiceThreadTest.testDecrementCommentCount(ServiceThreadTest.java:574)
	at java.base/java.lang.reflect.Method.invoke(Method.java:565)
	at java.base/java.util.ArrayList.forEach(ArrayList.java:1604)
	at java.base/java.util.ArrayList.forEach(ArrayList.java:1604)
]]></error>
  </testcase>
  <testcase name="testUpdateVoteCountsToUpvote" classname="com.serinity.forumcontrol.Services.ServiceThreadTest" time="0.0">
    <error message="Cannot invoke &quot;java.lang.Long.longValue()&quot; because &quot;this.threadId1&quot; is null" type="java.lang.NullPointerException"><![CDATA[java.lang.NullPointerException: Cannot invoke "java.lang.Long.longValue()" because "this.threadId1" is null
	at com.serinity.forumcontrol.Services.ServiceThreadTest.testUpdateVoteCountsToUpvote(ServiceThreadTest.java:595)
	at java.base/java.lang.reflect.Method.invoke(Method.java:565)
	at java.base/java.util.ArrayList.forEach(ArrayList.java:1604)
	at java.base/java.util.ArrayList.forEach(ArrayList.java:1604)
]]></error>
  </testcase>
  <testcase name="testUpdateVoteCountsUpvoteToDownvote" classname="com.serinity.forumcontrol.Services.ServiceThreadTest" time="0.001">
    <error message="Cannot invoke &quot;java.lang.Long.longValue()&quot; because &quot;this.threadId1&quot; is null" type="java.lang.NullPointerException"><![CDATA[java.lang.NullPointerException: Cannot invoke "java.lang.Long.longValue()" because "this.threadId1" is null
	at com.serinity.forumcontrol.Services.ServiceThreadTest.testUpdateVoteCountsUpvoteToDownvote(ServiceThreadTest.java:613)
	at java.base/java.lang.reflect.Method.invoke(Method.java:565)
	at java.base/java.util.ArrayList.forEach(ArrayList.java:1604)
	at java.base/java.util.ArrayList.forEach(ArrayList.java:1604)
]]></error>
  </testcase>
  <testcase name="testUpdateVoteCountsDownvoteToNone" classname="com.serinity.forumcontrol.Services.ServiceThreadTest" time="0.001">
    <error message="Cannot invoke &quot;java.lang.Long.longValue()&quot; because &quot;this.threadId1&quot; is null" type="java.lang.NullPointerException"><![CDATA[java.lang.NullPointerException: Cannot invoke "java.lang.Long.longValue()" because "this.threadId1" is null
	at com.serinity.forumcontrol.Services.ServiceThreadTest.testUpdateVoteCountsDownvoteToNone(ServiceThreadTest.java:633)
	at java.base/java.lang.reflect.Method.invoke(Method.java:565)
	at java.base/java.util.ArrayList.forEach(ArrayList.java:1604)
	at java.base/java.util.ArrayList.forEach(ArrayList.java:1604)
]]></error>
  </testcase>
  <testcase name="testIncrementFollowCount" classname="com.serinity.forumcontrol.Services.ServiceThreadTest" time="0.001">
    <error message="Cannot invoke &quot;java.lang.Long.longValue()&quot; because &quot;this.threadId1&quot; is null" type="java.lang.NullPointerException"><![CDATA[java.lang.NullPointerException: Cannot invoke "java.lang.Long.longValue()" because "this.threadId1" is null
	at com.serinity.forumcontrol.Services.ServiceThreadTest.testIncrementFollowCount(ServiceThreadTest.java:651)
	at java.base/java.lang.reflect.Method.invoke(Method.java:565)
	at java.base/java.util.ArrayList.forEach(ArrayList.java:1604)
	at java.base/java.util.ArrayList.forEach(ArrayList.java:1604)
]]></error>
  </testcase>
  <testcase name="testDecrementFollowCount" classname="com.serinity.forumcontrol.Services.ServiceThreadTest" time="0.001">
    <error message="Cannot invoke &quot;java.lang.Long.longValue()&quot; because &quot;this.threadId1&quot; is null" type="java.lang.NullPointerException"><![CDATA[java.lang.NullPointerException: Cannot invoke "java.lang.Long.longValue()" because "this.threadId1" is null
	at com.serinity.forumcontrol.Services.ServiceThreadTest.testDecrementFollowCount(ServiceThreadTest.java:669)
	at java.base/java.lang.reflect.Method.invoke(Method.java:565)
	at java.base/java.util.ArrayList.forEach(ArrayList.java:1604)
	at java.base/java.util.ArrayList.forEach(ArrayList.java:1604)
]]></error>
  </testcase>
  <testcase name="testDeleteThread" classname="com.serinity.forumcontrol.Services.ServiceThreadTest" time="0.004">
    <failure message="expected: not &lt;null&gt;" type="org.opentest4j.AssertionFailedError"><![CDATA[org.opentest4j.AssertionFailedError: expected: not <null>
	at org.junit.jupiter.api.AssertionFailureBuilder.build(AssertionFailureBuilder.java:152)
	at org.junit.jupiter.api.AssertionFailureBuilder.buildAndThrow(AssertionFailureBuilder.java:132)
	at org.junit.jupiter.api.AssertNotNull.failNull(AssertNotNull.java:49)
	at org.junit.jupiter.api.AssertNotNull.assertNotNull(AssertNotNull.java:35)
	at org.junit.jupiter.api.AssertNotNull.assertNotNull(AssertNotNull.java:30)
	at org.junit.jupiter.api.Assertions.assertNotNull(Assertions.java:304)
	at com.serinity.forumcontrol.Services.ServiceThreadTest.testDeleteThread(ServiceThreadTest.java:703)
	at java.base/java.lang.reflect.Method.invoke(Method.java:565)
	at java.base/java.util.ArrayList.forEach(ArrayList.java:1604)
	at java.base/java.util.ArrayList.forEach(ArrayList.java:1604)
]]></failure>
  </testcase>
  <testcase name="testDeleteNonExistent" classname="com.serinity.forumcontrol.Services.ServiceThreadTest" time="0.001">
    <system-out><![CDATA[No thread found with id: 999999
✓ Handled deletion of non-existent thread gracefully
]]></system-out>
  </testcase>
</testsuite>