<?xml version="1.0" encoding="UTF-8"?>
<testsuite xmlns:xsi="http://www.w3.org/2001/XMLSchema-instance" xsi:noNamespaceSchemaLocation="https://maven.apache.org/surefire/maven-surefire-plugin/xsd/surefire-test-report-3.0.xsd" version="3.0" name="com.serinity.forumcontrol.Services.ServiceCategoryTest" time="0.384" tests="25" errors="0" skipped="0" failures="0">
  <properties>
[...]
</properties>
  <testcase name="testAddRootCategory" classname="com.serinity.forumcontrol.Services.ServiceCategoryTest" time="0.045">
    <system-out><![CDATA[Connected ....
=== Starting ServiceCategory Tests ===
Category added successfully!
✓ Root category created with ID: 49
]]></system-out>
  </testcase>
  <testcase name="testAddSubcategory" classname="com.serinity.forumcontrol.Services.ServiceCategoryTest" time="0.008">
    <system-out><![CDATA[Category added successfully!
✓ Subcategory created with ID: 50
]]></system-out>
  </testcase>
  <testcase name="testAddDuplicateSlug" classname="com.serinity.forumcontrol.Services.ServiceCategoryTest" time="0.006">
    <system-out><![CDATA[Error: Category with slug 'test-root' already exists!
✓ Duplicate slug prevented
]]></system-out>
  </testcase>
  <testcase name="testAddSecondRootCategory" classname="com.serinity.forumcontrol.Services.ServiceCategoryTest" time="0.011">
    <system-out><![CDATA[Category added successfully!
✓ Second root category created with ID: 51
]]></system-out>
  </testcase>
  <testcase name="testGetById" classname="com.serinity.forumcontrol.Services.ServiceCategoryTest" time="0.003">
    <system-out><![CDATA[✓ Retrieved category by ID: Test Root Category
]]></system-out>
  </testcase>
  <testcase name="testGetByIdNonExistent" classname="com.serinity.forumcontrol.Services.ServiceCategoryTest" time="0.002">
    <system-out><![CDATA[✓ Correctly returned null for non-existent ID
]]></system-out>
  </testcase>
  <testcase name="testGetBySlug" classname="com.serinity.forumcontrol.Services.ServiceCategoryTest" time="0.002">
    <system-out><![CDATA[✓ Retrieved category by slug
]]></system-out>
  </testcase>
  <testcase name="testGetBySlugNonExistent" classname="com.serinity.forumcontrol.Services.ServiceCategoryTest" time="0.003">
    <system-out><![CDATA[✓ Correctly returned null for non-existent slug
]]></system-out>
  </testcase>
  <testcase name="testGetAll" classname="com.serinity.forumcontrol.Services.ServiceCategoryTest" time="0.006">
    <system-out><![CDATA[✓ Retrieved all categories: 19 total (18 root, 1 sub)
]]></system-out>
  </testcase>
  <testcase name="testGetRootCategories" classname="com.serinity.forumcontrol.Services.ServiceCategoryTest" time="0.004">
    <system-out><![CDATA[✓ Retrieved root categories: 18
]]></system-out>
  </testcase>
  <testcase name="testGetSubcategories" classname="com.serinity.forumcontrol.Services.ServiceCategoryTest" time="0.002">
    <system-out><![CDATA[✓ Retrieved subcategories: 1
]]></system-out>
  </testcase>
  <testcase name="testGetSubcategoriesEmpty" classname="com.serinity.forumcontrol.Services.ServiceCategoryTest" time="0.002">
    <system-out><![CDATA[✓ Correctly returned empty list for category with no subcategories
]]></system-out>
  </testcase>
  <testcase name="testUpdateCategoryName" classname="com.serinity.forumcontrol.Services.ServiceCategoryTest" time="0.008">
    <system-out><![CDATA[Category updated successfully!
✓ Updated category name: Test Root Category → Updated Root Category
]]></system-out>
  </testcase>
  <testcase name="testUpdateCategoryDescription" classname="com.serinity.forumcontrol.Services.ServiceCategoryTest" time="0.006">
    <system-out><![CDATA[Category updated successfully!
✓ Updated category description
]]></system-out>
  </testcase>
  <testcase name="testUpdateCategorySlug" classname="com.serinity.forumcontrol.Services.ServiceCategoryTest" time="0.009">
    <system-out><![CDATA[Category updated successfully!
✓ Updated category slug: test-root → updated-test-root
]]></system-out>
  </testcase>
  <testcase name="testUpdateToDuplicateSlug" classname="com.serinity.forumcontrol.Services.ServiceCategoryTest" time="0.002">
    <system-out><![CDATA[Error: Another category with slug 'second-root' already exists!
✓ Prevented duplicate slug on update
]]></system-out>
  </testcase>
  <testcase name="testUpdateParentRelationship" classname="com.serinity.forumcontrol.Services.ServiceCategoryTest" time="0.006">
    <system-out><![CDATA[Category updated successfully!
✓ Updated parent relationship
]]></system-out>
  </testcase>
  <testcase name="setupDeleteTest" classname="com.serinity.forumcontrol.Services.ServiceCategoryTest" time="0.013">
    <system-out><![CDATA[Category added successfully!
Category added successfully!
Category added successfully!
✓ Setup complete: created parent with 2 children
]]></system-out>
  </testcase>
  <testcase name="testDeleteByParent" classname="com.serinity.forumcontrol.Services.ServiceCategoryTest" time="0.007">
    <system-out><![CDATA[2 subcategories deleted for category 52
✓ Deleted 2 subcategories
]]></system-out>
  </testcase>
  <testcase name="testDeleteCategory" classname="com.serinity.forumcontrol.Services.ServiceCategoryTest" time="0.005">
    <system-out><![CDATA[Category deleted successfully!
✓ Deleted category with ID: 52
]]></system-out>
  </testcase>
  <testcase name="testDeleteNonExistent" classname="com.serinity.forumcontrol.Services.ServiceCategoryTest" time="0.003">
    <system-out><![CDATA[No category found with id: 999999
✓ Handled deletion of non-existent category gracefully
]]></system-out>
  </testcase>
  <testcase name="cleanupTestData" classname="com.serinity.forumcontrol.Services.ServiceCategoryTest" time="0.014">
    <system-out><![CDATA[Category deleted successfully!
Category deleted successfully!
Category deleted successfully!
✓ Test data cleaned up
]]></system-out>
  </testcase>
  <testcase name="testEmptyList" classname="com.serinity.forumcontrol.Services.ServiceCategoryTest" time="0.001">
    <system-out><![CDATA[✓ Category list contains 16 entries
]]></system-out>
  </testcase>
  <testcase name="testNullSlugQuery" classname="com.serinity.forumcontrol.Services.ServiceCategoryTest" time="0.001">
    <system-out><![CDATA[✓ Handled null slug query
]]></system-out>
  </testcase>
  <testcase name="testSpecialCharactersInSlug" classname="com.serinity.forumcontrol.Services.ServiceCategoryTest" time="0.008">
    <system-out><![CDATA[Category added successfully!
Category deleted successfully!
✓ Handled special characters in slug
]]></system-out>
  </testcase>
</testsuite>